error[E0277]: `?` couldn't convert the error to `core::error::Error`
  --> src\eg\mod.rs:40:46
   |
40 |         self.plugin_registry.load_all().await?;
   |                                              ^ the trait `From<RegistryError>` is not implemented for `core::error::Error`
   |
   = note: the question mark operation (`?`) implicitly performs a conversion on the error value using the `From` trait
   = help: the trait `From<std::io::Error>` is implemented for `core::error::Error`
   = note: required for `Result<(), core::error::Error>` to implement `FromResidual<Result<Infallible, RegistryError>>`

error[E0277]: `plugin_config::tests::TestPlugin` doesn't implement `std::fmt::Debug`
   --> src\eg\classes\plugin_config.rs:191:29
    |
191 |     impl PropertySource for TestPlugin {
    |                             ^^^^^^^^^^ `plugin_config::tests::TestPlugin` cannot be formatted using `{:?}`
    |
    = help: the trait `std::fmt::Debug` is not implemented for `plugin_config::tests::TestPlugin`
    = note: add `#[derive(Debug)]` to `plugin_config::tests::TestPlugin` or manually `impl std::fmt::Debug for plugin_config::tests::TestPlugin`
note: required by a bound in `property_grid::PropertySource`
   --> src\eg\classes\property_grid.rs:155:41
    |
155 | pub trait PropertySource: Send + Sync + Debug {
    |                                         ^^^^^ required by this bound in `PropertySource`
help: consider annotating `plugin_config::tests::TestPlugin` with `#[derive(Debug)]`
    |
186 +     #[derive(Debug)]
187 |     struct TestPlugin {
    |

error[E0277]: `?` couldn't convert the error to `core::error::Error`
  --> src\eg\mod.rs:46:48
   |
46 |         self.plugin_registry.unload_all().await?;
   |                                                ^ the trait `From<RegistryError>` is not implemented for `core::error::Error`
   |
   = note: the question mark operation (`?`) implicitly performs a conversion on the error value using the `From` trait
   = help: the trait `From<std::io::Error>` is implemented for `core::error::Error`
   = note: required for `Result<(), core::error::Error>` to implement `FromResidual<Result<Infallible, RegistryError>>`

error[E0277]: `mocks::MockEvent` doesn't implement `std::fmt::Debug`
  --> src\testing\mocks.rs:30:16
   |
30 | impl Event for MockEvent {
   |                ^^^^^^^^^ `mocks::MockEvent` cannot be formatted using `{:?}`
   |
   = help: the trait `std::fmt::Debug` is not implemented for `mocks::MockEvent`
   = note: add `#[derive(Debug)]` to `mocks::MockEvent` or manually `impl std::fmt::Debug for mocks::MockEvent`
note: required by a bound in `event::Event`
  --> src\core\event.rs:38:38
   |
38 | pub trait Event: Any + Send + Sync + Debug {
   |                                      ^^^^^ required by this bound in `Event`
help: consider annotating `mocks::MockEvent` with `#[derive(Debug)]`
   |
25 + #[derive(Debug)]
26 | pub struct MockEvent {
   |

error[E0053]: method `show` has an incompatible type for trait
   --> src\eg\classes\plugin_config.rs:168:13
    |
168 |     fn show(&mut self) -> Result<(), Error> {
    |             ^^^^^^^^^
    |             |
    |             types differ in mutability
    |             help: change the self-receiver type to match the trait: `&self`
    |
note: type in trait
   --> src\eg\classes\mod.rs:29:13
    |
29  |     fn show(&self) {
    |             ^^^^^
    = note: expected signature `fn(&ConfigDialog)`
               found signature `fn(&mut ConfigDialog) -> Result<(), core::error::Error>`

error[E0053]: method `hide` has an incompatible type for trait
   --> src\eg\classes\plugin_config.rs:172:13
    |
172 |     fn hide(&mut self) -> Result<(), Error> {
    |             ^^^^^^^^^
    |             |
    |             types differ in mutability
    |             help: change the self-receiver type to match the trait: `&self`
    |
note: type in trait
   --> src\eg\classes\mod.rs:33:13
    |
33  |     fn hide(&self) {
    |             ^^^^^
    = note: expected signature `fn(&ConfigDialog)`
               found signature `fn(&mut ConfigDialog) -> Result<(), core::error::Error>`

Some errors have detailed explanations: E0277, E0432.
For more information about an error, try `rustc --explain E0277`.
error: could not compile `eventghost` (lib test) due to 4 previous errors; 26 warnings emitted
error[E0277]: `?` couldn't convert the error to `core::error::Error`
  --> src\core\plugin\registry.rs:41:58
   |
41 |             loader: PluginLoader::new(plugin_dir.clone())?,
   |                                                          ^ the trait `From<LoaderError>` is not implemented for `core::error::Error`
   |
   = note: the question mark operation (`?`) implicitly performs a conversion on the error value using the `From` trait
   = help: the trait `From<std::io::Error>` is implemented for `core::error::Error`
   = note: required for `Result<PluginRegistry, core::error::Error>` to implement `FromResidual<Result<Infallible, LoaderError>>`

error[E0277]: `?` couldn't convert the error to `core::error::Error`
  --> src\eg\action\common.rs:27:74
   |
27 |                 .map_err(|e| ActionError::ExecutionFailed(e.to_string()))?;
   |                                                                          ^ the trait `From<ActionError>` is not implemented for `core::error::Error`
   |
   = note: the question mark operation (`?`) implicitly performs a conversion on the error value using the `From` trait
   = help: the trait `From<std::io::Error>` is implemented for `core::error::Error`
   = note: required for `Result<(), core::error::Error>` to implement `FromResidual<Result<Infallible, ActionError>>`

error[E0599]: no variant or associated item named `Tree` found for enum `core::error::Error` in the current scope
  --> src\eg\tree\folder.rs:39:24
   |
39 |             Err(Error::Tree(format!("Child with id {} not found", id)))
   |                        ^^^^ variant or associated item not found in `Error`
   |
  ::: src\core\error.rs:4:1
   |
4  | pub enum Error {
   | -------------- variant or associated item `Tree` not found for this enum

error[E0599]: no variant or associated item named `Tree` found for enum `core::error::Error` in the current scope
  --> src\eg\tree\macro_.rs:42:24
   |
42 |             Err(Error::Tree(format!("Action with id {} not found", id)))
   |                        ^^^^ variant or associated item not found in `Error`
   |
  ::: src\core\error.rs:4:1
   |
4  | pub enum Error {
   | -------------- variant or associated item `Tree` not found for this enum

error[E0599]: no variant or associated item named `Tree` found for enum `core::error::Error` in the current scope
  --> src\eg\tree\root.rs:39:24
   |
39 |             Err(Error::Tree(format!("Child with id {} not found", id)))
   |                        ^^^^ variant or associated item not found in `Error`
   |
  ::: src\core\error.rs:4:1
   |
4  | pub enum Error {
   | -------------- variant or associated item `Tree` not found for this enum

error[E0599]: no variant or associated item named `Tree` found for enum `core::error::Error` in the current scope
  --> src\eg\tree\document.rs:49:24
   |
49 |             Err(Error::Tree("No file path set".into()))
   |                        ^^^^ variant or associated item not found in `Error`
   |
  ::: src\core\error.rs:4:1
   |
4  | pub enum Error {
   | -------------- variant or associated item `Tree` not found for this enum

error[E0599]: the method `run` exists for struct `FileChooserDialog`, but its trait bounds were not satisfied
  --> src\eg\classes\dialog.rs:65:31
   |
65 |           let response = dialog.run();
   |                                 ^^^ method cannot be called on `FileChooserDialog` due to unsatisfied trait bounds
   |
  ::: C:\Users\Dan\.cargo\registry\src\index.crates.io-6f17d22bba15001f\gtk4-0.6.6\src\auto\file_chooser_dialog.rs:14:1
   |
14 | / glib::wrapper! {
15 | |     #[doc(alias = "GtkFileChooserDialog")]
16 | |     pub struct FileChooserDialog(Object<ffi::GtkFileChooserDialog>) @extends Dialog, Window, Wid... 
17 | |
...  |
20 | |     }
21 | | }
   | | -
   | | |
   | | doesn't satisfy `FileChooserDialog: IsA<PrintOperation>`
   | | doesn't satisfy `FileChooserDialog: IsA<gio::Application>`
   | |_doesn't satisfy `_: ApplicationExtManual`
   |   doesn't satisfy `_: PrintOperationExt`
   |
   = note: the following trait bounds were not satisfied:
           `FileChooserDialog: IsA<PrintOperation>`
           which is required by `FileChooserDialog: gtk4::prelude::PrintOperationExt`
           `FileChooserDialog: IsA<gio::Application>`
           which is required by `FileChooserDialog: gtk4::prelude::ApplicationExtManual`

error[E0599]: the method `path` exists for enum `Result<_, ListModelMutatedDuringIter>`, but its trait bounds were not satisfied
   --> src\eg\classes\dialog.rs:69:35
    |
69  |                 .filter_map(|f| f.path())
    |                                   ^^^^ method cannot be called on `Result<_, ListModelMutatedDuringIter>` due to unsatisfied trait bounds
    |
   ::: C:\ProgramData\chocolatey\lib\rust\tools\lib/rustlib/src/rust\library\core\src\result.rs:502:1      
    |
502 | pub enum Result<T, E> {
    | ---------------------
    | |
    | doesn't satisfy `_: FileExt`
    | doesn't satisfy `_: IsA<File>`
    | doesn't satisfy `_: IsA<Settings>`
    | doesn't satisfy `_: IsA<TreeModel>`
    | doesn't satisfy `_: SettingsExt`
    | doesn't satisfy `_: TreeModelExt`
    |
    = note: the following trait bounds were not satisfied:
            `Result<_, gio::list_model::ListModelMutatedDuringIter>: IsA<TreeModel>`
            which is required by `Result<_, gio::list_model::ListModelMutatedDuringIter>: gtk4::prelude::TreeModelExt`
            `Result<_, gio::list_model::ListModelMutatedDuringIter>: IsA<gio::File>`
            which is required by `Result<_, gio::list_model::ListModelMutatedDuringIter>: gtk4::prelude::FileExt`
            `Result<_, gio::list_model::ListModelMutatedDuringIter>: IsA<gio::Settings>`
            which is required by `Result<_, gio::list_model::ListModelMutatedDuringIter>: gtk4::prelude::SettingsExt`

error[E0599]: the method `run` exists for struct `FileChooserDialog`, but its trait bounds were not satisfied
  --> src\eg\classes\dialog.rs:96:31
   |
96 |           let response = dialog.run();
   |                                 ^^^ method cannot be called on `FileChooserDialog` due to unsatisfied trait bounds
   |
  ::: C:\Users\Dan\.cargo\registry\src\index.crates.io-6f17d22bba15001f\gtk4-0.6.6\src\auto\file_chooser_dialog.rs:14:1
   |
14 | / glib::wrapper! {
15 | |     #[doc(alias = "GtkFileChooserDialog")]
16 | |     pub struct FileChooserDialog(Object<ffi::GtkFileChooserDialog>) @extends Dialog, Window, Wid... 
17 | |
...  |
20 | |     }
21 | | }
   | | -
   | | |
   | | doesn't satisfy `FileChooserDialog: IsA<PrintOperation>`
   | | doesn't satisfy `FileChooserDialog: IsA<gio::Application>`
   | |_doesn't satisfy `_: ApplicationExtManual`
   |   doesn't satisfy `_: PrintOperationExt`
   |
   = note: the following trait bounds were not satisfied:
           `FileChooserDialog: IsA<PrintOperation>`
           which is required by `FileChooserDialog: gtk4::prelude::PrintOperationExt`
           `FileChooserDialog: IsA<gio::Application>`
           which is required by `FileChooserDialog: gtk4::prelude::ApplicationExtManual`

error[E0599]: the method `run` exists for struct `MessageDialog`, but its trait bounds were not satisfied
   --> src\eg\classes\dialog.rs:141:31
    |
141 |           let response = dialog.run();
    |                                 ^^^ method cannot be called on `MessageDialog` due to unsatisfied trait bounds
    |
   ::: C:\Users\Dan\.cargo\registry\src\index.crates.io-6f17d22bba15001f\gtk4-0.6.6\src\auto\message_dialog.rs:17:1
    |
17  | / glib::wrapper! {
18  | |     #[doc(alias = "GtkMessageDialog")]
19  | |     pub struct MessageDialog(Object<ffi::GtkMessageDialog, ffi::GtkMessageDialogClass>) @extend... 
20  | |
...   |
23  | |     }
24  | | }
    | | -
    | | |
    | | doesn't satisfy `MessageDialog: IsA<PrintOperation>`
    | | doesn't satisfy `MessageDialog: IsA<gio::Application>`
    | |_doesn't satisfy `MessageDialog: gtk4::prelude::ApplicationExtManual`
    |   doesn't satisfy `MessageDialog: gtk4::prelude::PrintOperationExt`
    |
    = note: the following trait bounds were not satisfied:
            `MessageDialog: IsA<PrintOperation>`
            which is required by `MessageDialog: gtk4::prelude::PrintOperationExt`
            `MessageDialog: IsA<gio::Application>`
            which is required by `MessageDialog: gtk4::prelude::ApplicationExtManual`

error[E0599]: the method `run` exists for struct `ColorChooserDialog`, but its trait bounds were not satisfied
   --> src\eg\classes\dialog.rs:155:31
    |
155 |           let response = dialog.run();
    |                                 ^^^ method cannot be called on `ColorChooserDialog` due to unsatisfied trait bounds
    |
   ::: C:\Users\Dan\.cargo\registry\src\index.crates.io-6f17d22bba15001f\gtk4-0.6.6\src\auto\color_chooser_dialog.rs:17:1
    |
17  | / glib::wrapper! {
18  | |     #[doc(alias = "GtkColorChooserDialog")]
19  | |     pub struct ColorChooserDialog(Object<ffi::GtkColorChooserDialog>) @extends Dialog, Window, ... 
20  | |
...   |
23  | |     }
24  | | }
    | | -
    | | |
    | | doesn't satisfy `ColorChooserDialog: IsA<PrintOperation>`
    | | doesn't satisfy `ColorChooserDialog: IsA<gio::Application>`
    | |_doesn't satisfy `_: ApplicationExtManual`
    |   doesn't satisfy `_: PrintOperationExt`
    |
    = note: the following trait bounds were not satisfied:
            `ColorChooserDialog: IsA<PrintOperation>`
            which is required by `ColorChooserDialog: gtk4::prelude::PrintOperationExt`
            `ColorChooserDialog: IsA<gio::Application>`
            which is required by `ColorChooserDialog: gtk4::prelude::ApplicationExtManual`

error[E0599]: the method `run` exists for struct `FileChooserDialog`, but its trait bounds were not satisfied
   --> src\eg\classes\dialog.rs:183:31
    |
183 |           let response = dialog.run();
    |                                 ^^^ method cannot be called on `FileChooserDialog` due to unsatisfied trait bounds
    |
   ::: C:\Users\Dan\.cargo\registry\src\index.crates.io-6f17d22bba15001f\gtk4-0.6.6\src\auto\file_chooser_dialog.rs:14:1
    |
14  | / glib::wrapper! {
15  | |     #[doc(alias = "GtkFileChooserDialog")]
16  | |     pub struct FileChooserDialog(Object<ffi::GtkFileChooserDialog>) @extends Dialog, Window, Wi... 
17  | |
...   |
20  | |     }
21  | | }
    | | -
    | | |
    | | doesn't satisfy `FileChooserDialog: IsA<PrintOperation>`
    | | doesn't satisfy `FileChooserDialog: IsA<gio::Application>`
    | |_doesn't satisfy `_: ApplicationExtManual`
    |   doesn't satisfy `_: PrintOperationExt`
    |
    = note: the following trait bounds were not satisfied:
            `FileChooserDialog: IsA<PrintOperation>`
            which is required by `FileChooserDialog: gtk4::prelude::PrintOperationExt`
            `FileChooserDialog: IsA<gio::Application>`
            which is required by `FileChooserDialog: gtk4::prelude::ApplicationExtManual`

error[E0599]: the method `run` exists for struct `Dialog`, but its trait bounds were not satisfied
   --> src\eg\classes\dialog.rs:225:21
    |
225 |           self.widget.run()
    |                       ^^^ method cannot be called on `Dialog` due to unsatisfied trait bounds        
    |
   ::: C:\Users\Dan\.cargo\registry\src\index.crates.io-6f17d22bba15001f\gtk4-0.6.6\src\auto\dialog.rs:17:1
    |
17  | / glib::wrapper! {
18  | |     #[doc(alias = "GtkDialog")]
19  | |     pub struct Dialog(Object<ffi::GtkDialog, ffi::GtkDialogClass>) @extends Window, Widget, @im... 
20  | |
...   |
23  | |     }
24  | | }
    | | -
    | | |
    | | doesn't satisfy `gtk4::Dialog: IsA<PrintOperation>`
    | | doesn't satisfy `gtk4::Dialog: IsA<gio::Application>`
    | |_doesn't satisfy `gtk4::Dialog: gtk4::prelude::ApplicationExtManual`
    |   doesn't satisfy `gtk4::Dialog: gtk4::prelude::PrintOperationExt`
    |
    = note: the following trait bounds were not satisfied:
            `gtk4::Dialog: IsA<PrintOperation>`
            which is required by `gtk4::Dialog: gtk4::prelude::PrintOperationExt`
            `gtk4::Dialog: IsA<gio::Application>`
            which is required by `gtk4::Dialog: gtk4::prelude::ApplicationExtManual`

error[E0277]: the trait bound `&gtk4::DragSource: IsA<EventController>` is not satisfied
   --> src\eg\classes\drag_drop.rs:138:31
    |
138 |         widget.add_controller(&source);
    |                -------------- ^^^^^^^ the trait `IsA<EventController>` is not implemented for `&gtk4::DragSource`
    |                |
    |                required by a bound introduced by this call
    |
note: required by a bound in `gtk4::prelude::WidgetExt::add_controller`
   --> C:\Users\Dan\.cargo\registry\src\index.crates.io-6f17d22bba15001f\gtk4-0.6.6\src\auto\widget.rs:72:47
    |
72  |     fn add_controller(&self, controller: impl IsA<EventController>);
    |                                               ^^^^^^^^^^^^^^^^^^^^ required by this bound in `WidgetExt::add_controller`
help: consider removing the leading `&`-reference
    |
138 -         widget.add_controller(&source);
138 +         widget.add_controller(source);
    |

error[E0599]: no method named `to_value` found for struct `Vec<gio::File>` in the current scope
   --> src\eg\classes\drag_drop.rs:164:57
    |
164 |             Some(gdk::ContentProvider::for_value(&files.to_value()))
    |                                                         ^^^^^^^^ method not found in `Vec<File>`     

error[E0277]: the trait bound `&gtk4::DropTarget: IsA<EventController>` is not satisfied
   --> src\eg\classes\drag_drop.rs:177:31
    |
177 |         widget.add_controller(&target);
    |                -------------- ^^^^^^^ the trait `IsA<EventController>` is not implemented for `&gtk4::DropTarget`
    |                |
    |                required by a bound introduced by this call
    |
note: required by a bound in `gtk4::prelude::WidgetExt::add_controller`
   --> C:\Users\Dan\.cargo\registry\src\index.crates.io-6f17d22bba15001f\gtk4-0.6.6\src\auto\widget.rs:72:47
    |
72  |     fn add_controller(&self, controller: impl IsA<EventController>);
    |                                               ^^^^^^^^^^^^^^^^^^^^ required by this bound in `WidgetExt::add_controller`
help: consider removing the leading `&`-reference
    |
177 -         widget.add_controller(&target);
177 +         widget.add_controller(target);
    |

error[E0277]: the trait bound `&gtk4::DropTarget: IsA<EventController>` is not satisfied
   --> src\eg\classes\drag_drop.rs:187:31
    |
187 |         widget.add_controller(&target);
    |                -------------- ^^^^^^^ the trait `IsA<EventController>` is not implemented for `&gtk4::DropTarget`
    |                |
    |                required by a bound introduced by this call
    |
note: required by a bound in `gtk4::prelude::WidgetExt::add_controller`
   --> C:\Users\Dan\.cargo\registry\src\index.crates.io-6f17d22bba15001f\gtk4-0.6.6\src\auto\widget.rs:72:47
    |
72  |     fn add_controller(&self, controller: impl IsA<EventController>);
    |                                               ^^^^^^^^^^^^^^^^^^^^ required by this bound in `WidgetExt::add_controller`
help: consider removing the leading `&`-reference
    |
187 -         widget.add_controller(&target);
187 +         widget.add_controller(target);
    |

error[E0277]: the trait bound `Vec<gio::File>: FromValue<'_>` is not satisfied
   --> src\eg\classes\drag_drop.rs:214:38
    |
214 |             if let Ok(files) = value.get::<Vec<gtk::gio::File>>() {
    |                                      ^^^ the trait `FromValue<'_>` is not implemented for `Vec<gio::File>`
    |
    = help: the following other types implement trait `FromValue<'a>`:
              Vec<glib::GString>
              Vec<std::string::String>
              Vec<&'b FlagsValue>

error[E0277]: `PropertyGrid` doesn't implement `std::fmt::Debug`
  --> src\eg\classes\plugin_config.rs:14:5
   |
10 | #[derive(Debug)]
   |          ----- in this derive macro expansion
...
14 |     property_grid: PropertyGrid,
   |     ^^^^^^^^^^^^^^^^^^^^^^^^^^^ `PropertyGrid` cannot be formatted using `{:?}`
   |
   = help: the trait `std::fmt::Debug` is not implemented for `PropertyGrid`
   = note: add `#[derive(Debug)]` to `PropertyGrid` or manually `impl std::fmt::Debug for PropertyGrid`    
   = note: this error originates in the derive macro `Debug` (in Nightly builds, run with -Z macro-backtrace for more info)
help: consider annotating `PropertyGrid` with `#[derive(Debug)]`
  --> src\eg\classes\property_grid.rs:161:1
   |
161+ #[derive(Debug)]
162| pub struct PropertyGrid {
   |

error[E0277]: the trait bound `gio::Application: IsA<gtk4::Application>` is not satisfied
   --> src\eg\classes\plugin_config.rs:34:32
    |
34  |         widget.set_application(Some(app));
    |                --------------- ^^^^^^^^^ the trait `IsA<gtk4::Application>` is not implemented for `gio::Application`
    |                |
    |                required by a bound introduced by this call
    |
    = help: the following other types implement trait `IsA<T>`:
              <gio::Application as IsA<glib::Object>>
              <gio::Application as IsA<gio::ActionGroup>>
              <gio::Application as IsA<ActionMap>>
              <gio::Application as IsA<gio::Application>>
note: required by a bound in `set_application`
   --> C:\Users\Dan\.cargo\registry\src\index.crates.io-6f17d22bba15001f\gtk4-0.6.6\src\auto\window.rs:574:57
    |
574 |     fn set_application(&self, application: Option<&impl IsA<Application>>);
    |                                                         ^^^^^^^^^^^^^^^^ required by this bound in `GtkWindowExt::set_application`

error[E0599]: the method `refresh` exists for struct `PropertyGrid`, but its trait bounds were not satisfied
   --> src\eg\classes\plugin_config.rs:125:32
    |
125 |             page.property_grid.refresh()?;
    |                                ^^^^^^^ method cannot be called on `PropertyGrid` due to unsatisfied trait bounds
    |
   ::: src\eg\classes\property_grid.rs:161:1
    |
161 | pub struct PropertyGrid {
    | -----------------------
    | |
    | method `refresh` not found for this struct
    | doesn't satisfy `PropertyGrid: IsA<AppChooser>`
    | doesn't satisfy `PropertyGrid: gtk4::prelude::AppChooserExt`
    |
    = note: the following trait bounds were not satisfied:
            `PropertyGrid: IsA<AppChooser>`
            which is required by `PropertyGrid: gtk4::prelude::AppChooserExt`
note: the trait `IsA` must be implemented
   --> C:\Users\Dan\.cargo\registry\src\index.crates.io-6f17d22bba15001f\glib-0.17.10\src\object.rs:65:1   
    |
65  | / pub unsafe trait IsA<T: ObjectType>:
66  | |     ObjectType + Into<T> + AsRef<T> + std::borrow::Borrow<T>
    | |____________________________________________________________^

error[E0599]: the method `run` exists for struct `Dialog`, but its trait bounds were not satisfied
   --> src\eg\classes\plugin_config.rs:135:21
    |
135 |           self.widget.run()
    |                       ^^^ method cannot be called on `Dialog` due to unsatisfied trait bounds        
    |
   ::: C:\Users\Dan\.cargo\registry\src\index.crates.io-6f17d22bba15001f\gtk4-0.6.6\src\auto\dialog.rs:17:1
    |
17  | / glib::wrapper! {
18  | |     #[doc(alias = "GtkDialog")]
19  | |     pub struct Dialog(Object<ffi::GtkDialog, ffi::GtkDialogClass>) @extends Window, Widget, @im... 
20  | |
...   |
23  | |     }
24  | | }
    | | -
    | | |
    | | doesn't satisfy `gtk4::Dialog: IsA<PrintOperation>`
    | | doesn't satisfy `gtk4::Dialog: IsA<gio::Application>`
    | |_doesn't satisfy `gtk4::Dialog: gtk4::prelude::ApplicationExtManual`
    |   doesn't satisfy `gtk4::Dialog: gtk4::prelude::PrintOperationExt`
    |
    = note: the following trait bounds were not satisfied:
            `gtk4::Dialog: IsA<PrintOperation>`
            which is required by `gtk4::Dialog: gtk4::prelude::PrintOperationExt`
            `gtk4::Dialog: IsA<gio::Application>`
            which is required by `gtk4::Dialog: gtk4::prelude::ApplicationExtManual`

error[E0599]: the method `run` exists for struct `Dialog`, but its trait bounds were not satisfied
   --> src\eg\classes\plugin_config.rs:145:36
    |
145 |           let response = self.widget.run();
    |                                      ^^^ method cannot be called on `Dialog` due to unsatisfied trait bounds
    |
   ::: C:\Users\Dan\.cargo\registry\src\index.crates.io-6f17d22bba15001f\gtk4-0.6.6\src\auto\dialog.rs:17:1
    |
17  | / glib::wrapper! {
18  | |     #[doc(alias = "GtkDialog")]
19  | |     pub struct Dialog(Object<ffi::GtkDialog, ffi::GtkDialogClass>) @extends Window, Widget, @im... 
20  | |
...   |
23  | |     }
24  | | }
    | | -
    | | |
    | | doesn't satisfy `gtk4::Dialog: IsA<PrintOperation>`
    | | doesn't satisfy `gtk4::Dialog: IsA<gio::Application>`
    | |_doesn't satisfy `gtk4::Dialog: gtk4::prelude::ApplicationExtManual`
    |   doesn't satisfy `gtk4::Dialog: gtk4::prelude::PrintOperationExt`
    |
    = note: the following trait bounds were not satisfied:
            `gtk4::Dialog: IsA<PrintOperation>`
            which is required by `gtk4::Dialog: gtk4::prelude::PrintOperationExt`
            `gtk4::Dialog: IsA<gio::Application>`
            which is required by `gtk4::Dialog: gtk4::prelude::ApplicationExtManual`

error[E0308]: mismatched types
  --> src\eg\classes\tree_ctrl.rs:38:16
   |
38 |         if let Some(path) = self.store.path(iter) {
   |                ^^^^^^^^^^   --------------------- this expression has type `TreePath`
   |                |
   |                expected `TreePath`, found `Option<_>`
   |
   = note: expected struct `TreePath`
                found enum `std::option::Option<_>`

error[E0308]: mismatched types
  --> src\eg\classes\tree_ctrl.rs:46:16
   |
46 |         if let Some(path) = self.store.path(iter) {
   |                ^^^^^^^^^^   --------------------- this expression has type `TreePath`
   |                |
   |                expected `TreePath`, found `Option<_>`
   |
   = note: expected struct `TreePath`
                found enum `std::option::Option<_>`

Some errors have detailed explanations: E0053, E0277, E0308, E0432, E0599.
For more information about an error, try `rustc --explain E0053`.
error: could not compile `eventghost` (lib) due to 31 previous errors; 20 warnings emitted